amherst41
Graph has fewer than 1000000 nodes; don't do graph partition
Run: 0
[gpu-profile] epoch=0 peak_epoch_mb=1281.61 edge_mlp_pre: peak_inc_mb=93.83 (7.32% of epoch_peak, 0.42% of device) alloc_after_mb=35.33 calls=1 | edge_score: peak_inc_mb=1035.62 (80.81% of epoch_peak, 4.58% of device) alloc_after_mb=1148.44 calls=1 | gnn_forward: peak_inc_mb=79.83 (6.23% of epoch_peak, 0.35% of device) alloc_after_mb=1203.71 calls=2 | backward: peak_inc_mb=3.50 (0.27% of epoch_peak, 0.02% of device) alloc_after_mb=1206.62 calls=1
[mem] allocated_mb=36.5 reserved_mb=1378.0
[gpu-profile] epoch=1 peak_epoch_mb=1287.32 edge_mlp_pre: peak_inc_mb=85.41 (6.64% of epoch_peak, 0.38% of device) alloc_after_mb=45.80 calls=1 | edge_score: peak_inc_mb=1035.91 (80.47% of epoch_peak, 4.59% of device) alloc_after_mb=1158.90 calls=1 | gnn_forward: peak_inc_mb=79.54 (6.18% of epoch_peak, 0.35% of device) alloc_after_mb=1213.21 calls=2 | backward: peak_inc_mb=0.00 (0.00% of epoch_peak, 0.00% of device) alloc_after_mb=1208.81 calls=1
[mem] allocated_mb=37.3 reserved_mb=1558.0
[gpu-profile] epoch=2 peak_epoch_mb=1357.02 edge_mlp_pre: peak_inc_mb=85.41 (6.29% of epoch_peak, 0.38% of device) alloc_after_mb=45.80 calls=1 | edge_score: peak_inc_mb=1035.91 (76.34% of epoch_peak, 4.59% of device) alloc_after_mb=1158.90 calls=1 | gnn_forward: peak_inc_mb=79.54 (5.86% of epoch_peak, 0.35% of device) alloc_after_mb=1213.21 calls=2 | backward: peak_inc_mb=69.69 (5.14% of epoch_peak, 0.31% of device) alloc_after_mb=49.51 calls=1
[mem] allocated_mb=46.8 reserved_mb=1918.0
[gpu-profile] epoch=3 peak_epoch_mb=1364.20 edge_mlp_pre: peak_inc_mb=84.90 (6.22% of epoch_peak, 0.38% of device) alloc_after_mb=53.80 calls=1 | edge_score: peak_inc_mb=1035.91 (75.93% of epoch_peak, 4.59% of device) alloc_after_mb=1166.90 calls=1 | gnn_forward: peak_inc_mb=79.54 (5.83% of epoch_peak, 0.35% of device) alloc_after_mb=1221.21 calls=2 | backward: peak_inc_mb=68.88 (5.05% of epoch_peak, 0.30% of device) alloc_after_mb=56.24 calls=1
[mem] allocated_mb=46.0 reserved_mb=1920.0
[gpu-profile] epoch=4 peak_epoch_mb=1364.20 edge_mlp_pre: peak_inc_mb=85.71 (6.28% of epoch_peak, 0.38% of device) alloc_after_mb=53.80 calls=1 | edge_score: peak_inc_mb=1035.91 (75.93% of epoch_peak, 4.59% of device) alloc_after_mb=1166.90 calls=1 | gnn_forward: peak_inc_mb=79.54 (5.83% of epoch_peak, 0.35% of device) alloc_after_mb=1221.21 calls=2 | backward: peak_inc_mb=68.88 (5.05% of epoch_peak, 0.30% of device) alloc_after_mb=56.24 calls=1
[mem] allocated_mb=46.0 reserved_mb=1920.0
[gpu-profile] epoch=5 peak_epoch_mb=1364.20 edge_mlp_pre: peak_inc_mb=85.71 (6.28% of epoch_peak, 0.38% of device) alloc_after_mb=53.80 calls=1 | edge_score: peak_inc_mb=1035.91 (75.93% of epoch_peak, 4.59% of device) alloc_after_mb=1166.90 calls=1 | gnn_forward: peak_inc_mb=79.54 (5.83% of epoch_peak, 0.35% of device) alloc_after_mb=1221.21 calls=2 | backward: peak_inc_mb=68.88 (5.05% of epoch_peak, 0.30% of device) alloc_after_mb=56.24 calls=1
[mem] allocated_mb=46.0 reserved_mb=1920.0
[gpu-profile] epoch=6 peak_epoch_mb=1364.20 edge_mlp_pre: peak_inc_mb=85.71 (6.28% of epoch_peak, 0.38% of device) alloc_after_mb=53.80 calls=1 | edge_score: peak_inc_mb=1035.91 (75.93% of epoch_peak, 4.59% of device) alloc_after_mb=1166.90 calls=1 | gnn_forward: peak_inc_mb=79.54 (5.83% of epoch_peak, 0.35% of device) alloc_after_mb=1221.21 calls=2 | backward: peak_inc_mb=68.88 (5.05% of epoch_peak, 0.30% of device) alloc_after_mb=56.24 calls=1
[mem] allocated_mb=46.0 reserved_mb=1920.0
[gpu-profile] epoch=7 peak_epoch_mb=1295.32 edge_mlp_pre: peak_inc_mb=85.71 (6.62% of epoch_peak, 0.38% of device) alloc_after_mb=53.80 calls=1 | edge_score: peak_inc_mb=1035.91 (79.97% of epoch_peak, 4.59% of device) alloc_after_mb=1166.90 calls=1 | gnn_forward: peak_inc_mb=79.54 (6.14% of epoch_peak, 0.35% of device) alloc_after_mb=1221.21 calls=2 | backward: peak_inc_mb=0.00 (0.00% of epoch_peak, 0.00% of device) alloc_after_mb=1216.00 calls=1
[mem] allocated_mb=44.1 reserved_mb=1920.0
[gpu-profile] epoch=8 peak_epoch_mb=1364.20 edge_mlp_pre: peak_inc_mb=85.87 (6.29% of epoch_peak, 0.38% of device) alloc_after_mb=53.80 calls=1 | edge_score: peak_inc_mb=1035.91 (75.93% of epoch_peak, 4.59% of device) alloc_after_mb=1166.90 calls=1 | gnn_forward: peak_inc_mb=79.54 (5.83% of epoch_peak, 0.35% of device) alloc_after_mb=1221.21 calls=2 | backward: peak_inc_mb=68.88 (5.05% of epoch_peak, 0.30% of device) alloc_after_mb=56.24 calls=1
[mem] allocated_mb=46.0 reserved_mb=1920.0
[gpu-profile] epoch=9 peak_epoch_mb=1295.32 edge_mlp_pre: peak_inc_mb=85.71 (6.62% of epoch_peak, 0.38% of device) alloc_after_mb=53.80 calls=1 | edge_score: peak_inc_mb=1035.91 (79.97% of epoch_peak, 4.59% of device) alloc_after_mb=1166.90 calls=1 | gnn_forward: peak_inc_mb=79.54 (6.14% of epoch_peak, 0.35% of device) alloc_after_mb=1221.21 calls=2 | backward: peak_inc_mb=0.00 (0.00% of epoch_peak, 0.00% of device) alloc_after_mb=1216.00 calls=1
[mem] allocated_mb=44.1 reserved_mb=1920.0
Mean epoch time of run 0.1301
Iteration:  10
EdgeMLP updated 6/10
Best Test F1 throughout: 0.4653
Loading best model for final evaluation at val: 0.4832
Best Test F1 after loading saved model: 0.4653
[stats] pipeline=straight_through run=0 train_time_sec=1.3012 peak_gpu_mem_mb=1364.20 best_val_f1=0.4855 best_test_f1=0.4653
---------------Stats-----------
Mean training epoch runtime: 0.1301
Mean convergence number: 10.0000 +/- 0.0000, [10]
EdgeMLP updated/Total GNN updates 6.0/10.0
Mean Std of Best Test we could do F1 Score: 0.4653 +/- 0.0000
Mean Std of Test at best Val F1 Score: 0.4564 +/- 0.0000
Mean Std of Loaded best Val model Test F1 Score: 0.4653 +/- 0.0000
-------------------------------
