amherst41
Graph has fewer than 500000 nodes; don't do graph partition
Run: 0
[gpu-profile] epoch=0 peak_epoch_mb=1281.61 edge_mlp_pre: peak_inc_mb=93.83 (7.32% of epoch_peak, 0.42% of device) alloc_after_mb=35.33 calls=1 | edge_score: peak_inc_mb=1035.62 (80.81% of epoch_peak, 4.58% of device) alloc_after_mb=1148.44 calls=1 | gnn_forward: peak_inc_mb=79.83 (6.23% of epoch_peak, 0.35% of device) alloc_after_mb=1203.71 calls=2 | backward: peak_inc_mb=3.50 (0.27% of epoch_peak, 0.02% of device) alloc_after_mb=1206.62 calls=1
[mem] allocated_mb=36.5 reserved_mb=1378.0
[gpu-profile] epoch=1 peak_epoch_mb=1287.32 edge_mlp_pre: peak_inc_mb=85.41 (6.64% of epoch_peak, 0.38% of device) alloc_after_mb=45.80 calls=1 | edge_score: peak_inc_mb=1035.91 (80.47% of epoch_peak, 4.59% of device) alloc_after_mb=1158.90 calls=1 | gnn_forward: peak_inc_mb=79.54 (6.18% of epoch_peak, 0.35% of device) alloc_after_mb=1213.21 calls=2 | backward: peak_inc_mb=0.00 (0.00% of epoch_peak, 0.00% of device) alloc_after_mb=1208.81 calls=1
[mem] allocated_mb=37.3 reserved_mb=1558.0
[gpu-profile] epoch=2 peak_epoch_mb=1357.02 edge_mlp_pre: peak_inc_mb=85.41 (6.29% of epoch_peak, 0.38% of device) alloc_after_mb=45.80 calls=1 | edge_score: peak_inc_mb=1035.91 (76.34% of epoch_peak, 4.59% of device) alloc_after_mb=1158.90 calls=1 | gnn_forward: peak_inc_mb=79.54 (5.86% of epoch_peak, 0.35% of device) alloc_after_mb=1213.21 calls=2 | backward: peak_inc_mb=69.69 (5.14% of epoch_peak, 0.31% of device) alloc_after_mb=49.51 calls=1
[mem] allocated_mb=46.8 reserved_mb=1918.0
Mean epoch time of run 0.1489
Iteration:  3
EdgeMLP updated 1/3
Best Test F1 throughout: 0.4407
Loading best model for final evaluation at val: 0.4609
Best Test F1 after loading saved model: 0.4407
[stats] pipeline=straight_through run=0 train_time_sec=0.4468 peak_gpu_mem_mb=1357.02 best_val_f1=0.4564 best_test_f1=0.4407
---------------Stats-----------
Mean training epoch runtime: 0.1489
Mean convergence number: 3.0000 +/- 0.0000, [3]
EdgeMLP updated/Total GNN updates 1.0/3.0
Mean Std of Best Test we could do F1 Score: 0.4407 +/- 0.0000
Mean Std of Test at best Val F1 Score: 0.4407 +/- 0.0000
Mean Std of Loaded best Val model Test F1 Score: 0.4407 +/- 0.0000
-------------------------------
